# JRE version: Java(TM) SE Runtime Environment (21.0.2+13) (build 21.0.2+13-LTS-58)
# Java VM: Java HotSpot(TM) 64-Bit Server VM (21.0.2+13-LTS-58, mixed mode, sharing, tiered, compressed oops, compressed class ptrs, g1 gc, windows-amd64)
GC Precious Log:
 CardTable entry size: 512
 Card Set container configuration: InlinePtr #cards 5 size 8 Array Of Cards #cards 12 size 40 Howl #buckets 4 coarsen threshold 1843 Howl Bitmap #cards 512 size 80 coarsen threshold 460 Card regions per heap region 1 cards per card region 2048
 CPUs: 6 total, 6 available
 Memory: 7541M
 Large Page Support: Disabled
 NUMA Support: Disabled
 Compressed Oops: Enabled (32-bit)
 Heap Region Size: 1M
 Heap Min Capacity: 8M
 Heap Initial Capacity: 118M
 Heap Max Capacity: 2G
 Pre-touch: Disabled
 Parallel Workers: 6
 Concurrent Workers: 2
 Concurrent Refinement Workers: 6
 Periodic GC: Disabled
Heap:
 garbage-first heap   total 319488K, used 231414K [0x0000000080000000, 0x0000000100000000)
  region size 1024K, 163 young (166912K), 6 survivors (6144K)
 Metaspace       used 50491K, committed 52032K, reserved 491520K
  class space    used 6940K, committed 7680K, reserved 425984K
GC Heap History (20 events):
Event: 438.937 GC heap before
{Heap before GC invocations=56 (full 0):
 garbage-first heap   total 266240K, used 210013K [0x0000000080000000, 0x0000000100000000)
  region size 1024K, 156 young (159744K), 12 survivors (12288K)
 Metaspace       used 50078K, committed 51584K, reserved 491520K
  class space    used 6905K, committed 7616K, reserved 425984K
}
Event: 438.943 GC heap after
{Heap after GC invocations=57 (full 0):
 garbage-first heap   total 266240K, used 63458K [0x0000000080000000, 0x0000000100000000)
  region size 1024K, 12 young (12288K), 12 survivors (12288K)
 Metaspace       used 50078K, committed 51584K, reserved 491520K
  class space    used 6905K, committed 7616K, reserved 425984K
}
Event: 439.285 GC heap before
{Heap before GC invocations=57 (full 0):
 garbage-first heap   total 266240K, used 210914K [0x0000000080000000, 0x0000000100000000)
  region size 1024K, 156 young (159744K), 12 survivors (12288K)
 Metaspace       used 50088K, committed 51584K, reserved 491520K
  class space    used 6905K, committed 7616K, reserved 425984K
}
Event: 439.292 GC heap after
{Heap after GC invocations=58 (full 0):
 garbage-first heap   total 266240K, used 64250K [0x0000000080000000, 0x0000000100000000)
  region size 1024K, 11 young (11264K), 11 survivors (11264K)
 Metaspace       used 50088K, committed 51584K, reserved 491520K
  class space    used 6905K, committed 7616K, reserved 425984K
}
Event: 439.620 GC heap before
{Heap before GC invocations=58 (full 0):
 garbage-first heap   total 266240K, used 212730K [0x0000000080000000, 0x0000000100000000)
  region size 1024K, 156 young (159744K), 11 survivors (11264K)
 Metaspace       used 50090K, committed 51584K, reserved 491520K
  class space    used 6905K, committed 7616K, reserved 425984K
}
Event: 439.626 GC heap after
{Heap after GC invocations=59 (full 0):
 garbage-first heap   total 266240K, used 64839K [0x0000000080000000, 0x0000000100000000)
  region size 1024K, 11 young (11264K), 11 survivors (11264K)
 Metaspace       used 50090K, committed 51584K, reserved 491520K
  class space    used 6905K, committed 7616K, reserved 425984K
}
Event: 439.996 GC heap before
{Heap before GC invocations=59 (full 0):
 garbage-first heap   total 266240K, used 213319K [0x0000000080000000, 0x0000000100000000)
  region size 1024K, 156 young (159744K), 11 survivors (11264K)
 Metaspace       used 50101K, committed 51584K, reserved 491520K
  class space    used 6905K, committed 7616K, reserved 425984K
}
Event: 440.002 GC heap after
{Heap after GC invocations=60 (full 0):
 garbage-first heap   total 266240K, used 66030K [0x0000000080000000, 0x0000000100000000)
  region size 1024K, 11 young (11264K), 11 survivors (11264K)
 Metaspace       used 50101K, committed 51584K, reserved 491520K
  class space    used 6905K, committed 7616K, reserved 425984K
}
Event: 440.281 GC heap before
{Heap before GC invocations=60 (full 0):
 garbage-first heap   total 266240K, used 215534K [0x0000000080000000, 0x0000000100000000)
  region size 1024K, 156 young (159744K), 11 survivors (11264K)
 Metaspace       used 50117K, committed 51584K, reserved 491520K
  class space    used 6905K, committed 7616K, reserved 425984K
}
Event: 440.289 GC heap after
{Heap after GC invocations=61 (full 0):
 garbage-first heap   total 266240K, used 66866K [0x0000000080000000, 0x0000000100000000)
  region size 1024K, 12 young (12288K), 12 survivors (12288K)
 Metaspace       used 50117K, committed 51584K, reserved 491520K
  class space    used 6905K, committed 7616K, reserved 425984K
}
Event: 440.734 GC heap before
{Heap before GC invocations=61 (full 0):
 garbage-first heap   total 266240K, used 214322K [0x0000000080000000, 0x0000000100000000)
  region size 1024K, 156 young (159744K), 12 survivors (12288K)
 Metaspace       used 50117K, committed 51584K, reserved 491520K
  class space    used 6905K, committed 7616K, reserved 425984K
}
Event: 440.742 GC heap after
{Heap after GC invocations=62 (full 0):
 garbage-first heap   total 319488K, used 67177K [0x0000000080000000, 0x0000000100000000)
  region size 1024K, 11 young (11264K), 11 survivors (11264K)
 Metaspace       used 50117K, committed 51584K, reserved 491520K
  class space    used 6905K, committed 7616K, reserved 425984K
}
Event: 441.419 GC heap before
{Heap before GC invocations=62 (full 0):
 garbage-first heap   total 319488K, used 247401K [0x0000000080000000, 0x0000000100000000)
  region size 1024K, 187 young (191488K), 11 survivors (11264K)
 Metaspace       used 50118K, committed 51584K, reserved 491520K
  class space    used 6905K, committed 7616K, reserved 425984K
}
Event: 441.426 GC heap after
{Heap after GC invocations=63 (full 0):
 garbage-first heap   total 319488K, used 69584K [0x0000000080000000, 0x0000000100000000)
  region size 1024K, 14 young (14336K), 14 survivors (14336K)
 Metaspace       used 50118K, committed 51584K, reserved 491520K
  class space    used 6905K, committed 7616K, reserved 425984K
}
Event: 441.749 GC heap before
{Heap before GC invocations=63 (full 0):
 garbage-first heap   total 319488K, used 247760K [0x0000000080000000, 0x0000000100000000)
  region size 1024K, 187 young (191488K), 14 survivors (14336K)
 Metaspace       used 50124K, committed 51648K, reserved 491520K
  class space    used 6905K, committed 7616K, reserved 425984K
}
Event: 441.758 GC heap after
{Heap after GC invocations=64 (full 0):
 garbage-first heap   total 319488K, used 70999K [0x0000000080000000, 0x0000000100000000)
  region size 1024K, 13 young (13312K), 13 survivors (13312K)
 Metaspace       used 50124K, committed 51648K, reserved 491520K
  class space    used 6905K, committed 7616K, reserved 425984K
}
Event: 442.052 GC heap before
{Heap before GC invocations=64 (full 0):
 garbage-first heap   total 319488K, used 249175K [0x0000000080000000, 0x0000000100000000)
  region size 1024K, 187 young (191488K), 13 survivors (13312K)
 Metaspace       used 50124K, committed 51648K, reserved 491520K
  class space    used 6905K, committed 7616K, reserved 425984K
}
Event: 442.062 GC heap after
{Heap after GC invocations=65 (full 0):
 garbage-first heap   total 319488K, used 71936K [0x0000000080000000, 0x0000000100000000)
  region size 1024K, 14 young (14336K), 14 survivors (14336K)
 Metaspace       used 50124K, committed 51648K, reserved 491520K
  class space    used 6905K, committed 7616K, reserved 425984K
}
Event: 445.382 GC heap before
{Heap before GC invocations=65 (full 0):
 garbage-first heap   total 319488K, used 256256K [0x0000000080000000, 0x0000000100000000)
  region size 1024K, 187 young (191488K), 14 survivors (14336K)
 Metaspace       used 50487K, committed 52032K, reserved 491520K
  class space    used 6940K, committed 7680K, reserved 425984K
}
Event: 445.387 GC heap after
{Heap after GC invocations=66 (full 0):
 garbage-first heap   total 319488K, used 71670K [0x0000000080000000, 0x0000000100000000)
  region size 1024K, 6 young (6144K), 6 survivors (6144K)
 Metaspace       used 50487K, committed 52032K, reserved 491520K
  class space    used 6940K, committed 7680K, reserved 425984K
}

